<?xml version="1.0" encoding="UTF-8"?>
<!-- Generated by org.testng.reporters.JUnitReportReporter -->
<testsuite hostname="PMLDVBALAJID" failures="0" tests="3" name="BalajiSoft.SaleniumDesign.tests.SubmitOrderTest" time="28.539" errors="0" timestamp="2024-04-27T09:41:21 IST" skipped="0">
  <testcase classname="BalajiSoft.SaleniumDesign.tests.SubmitOrderTest" name="submitOrder" time="15.158"/>
  <testcase classname="BalajiSoft.SaleniumDesign.tests.SubmitOrderTest" name="submitOrder" time="8.766"/>
  <testcase classname="BalajiSoft.SaleniumDesign.tests.SubmitOrderTest" name="OrderHistoryTest" time="4.615"/>
</testsuite> <!-- BalajiSoft.SaleniumDesign.tests.SubmitOrderTest -->
