<?xml version="1.0" encoding="UTF-8"?>
<!-- Generated by org.testng.reporters.JUnitReportReporter -->
<testsuite hostname="PMLDVBALAJID" failures="0" tests="2" name="BalajiSoft.SaleniumDesign.tests.ErrroValidationTest" time="28.021" errors="0" timestamp="2024-04-27T09:41:21 IST" skipped="0">
  <testcase classname="BalajiSoft.SaleniumDesign.tests.ErrroValidationTest" name="LoginErrorValidation" time="4.022"/>
  <testcase classname="BalajiSoft.SaleniumDesign.tests.ErrroValidationTest" name="ProductErrorValidation" time="23.999"/>
</testsuite> <!-- BalajiSoft.SaleniumDesign.tests.ErrroValidationTest -->
